2017-09-06 16:19:37,503 training config:{'CLASS_AGNOSTIC': False,
 'MXNET_VERSION': 'mxnet',
 'SCALES': [(384, 1280)],
 'TEST': {'BATCH_IMAGES': 1,
          'CXX_PROPOSAL': False,
          'HAS_RPN': True,
          'NMS': 0.3,
          'PROPOSAL_MIN_SIZE': 0,
          'PROPOSAL_NMS_THRESH': 0.7,
          'PROPOSAL_POST_NMS_TOP_N': 2000,
          'PROPOSAL_PRE_NMS_TOP_N': 20000,
          'RPN_MIN_SIZE': 0,
          'RPN_NMS_THRESH': 0.7,
          'RPN_POST_NMS_TOP_N': 300,
          'RPN_PRE_NMS_TOP_N': 6000,
          'max_per_image': 100,
          'test_epoch': 3},
 'TRAIN': {'ALTERNATE': {'RCNN_BATCH_IMAGES': 0,
                         'RPN_BATCH_IMAGES': 0,
                         'rfcn1_epoch': 0,
                         'rfcn1_lr': 0,
                         'rfcn1_lr_step': '',
                         'rfcn2_epoch': 0,
                         'rfcn2_lr': 0,
                         'rfcn2_lr_step': '',
                         'rpn1_epoch': 0,
                         'rpn1_lr': 0,
                         'rpn1_lr_step': '',
                         'rpn2_epoch': 0,
                         'rpn2_lr': 0,
                         'rpn2_lr_step': '',
                         'rpn3_epoch': 0,
                         'rpn3_lr': 0,
                         'rpn3_lr_step': ''},
           'ASPECT_GROUPING': True,
           'BATCH_IMAGES': 1,
           'BATCH_ROIS': 128,
           'BATCH_ROIS_OHEM': 128,
           'BBOX_MEANS': [0.0, 0.0, 0.0, 0.0],
           'BBOX_NORMALIZATION_PRECOMPUTED': True,
           'BBOX_REGRESSION_THRESH': 0.5,
           'BBOX_STDS': [0.1, 0.1, 0.2, 0.2],
           'BBOX_WEIGHTS': array([ 1.,  1.,  1.,  1.]),
           'BG_THRESH_HI': 0.5,
           'BG_THRESH_LO': 0.1,
           'CXX_PROPOSAL': False,
           'ENABLE_OHEM': False,
           'END2END': True,
           'FG_FRACTION': 0.25,
           'FG_THRESH': 0.5,
           'FLIP': False,
           'RESUME': False,
           'RPN_BATCH_SIZE': 256,
           'RPN_BBOX_WEIGHTS': [1.0, 1.0, 1.0, 1.0],
           'RPN_CLOBBER_POSITIVES': False,
           'RPN_FG_FRACTION': 0.5,
           'RPN_MIN_SIZE': 0,
           'RPN_NEGATIVE_OVERLAP': 0.3,
           'RPN_NMS_THRESH': 0.7,
           'RPN_POSITIVE_OVERLAP': 0.7,
           'RPN_POSITIVE_WEIGHT': -1.0,
           'RPN_POST_NMS_TOP_N': 300,
           'RPN_PRE_NMS_TOP_N': 6000,
           'SHUFFLE': False,
           'begin_epoch': 0,
           'end_epoch': 40,
           'lr': 0.0001,
           'lr_factor': 0.1,
           'lr_step': '5.333',
           'model_prefix': 'rcnn_kitti',
           'momentum': 0.9,
           'warmup': False,
           'warmup_lr': 0.02,
           'warmup_step': 1000,
           'wd': 0.0005},
 'dataset': {'NUM_CLASSES': 4,
             'dataset': 'kitti',
             'dataset_path': './data/kitti',
             'image_set': 'train',
             'proposal': 'rpn',
             'root_path': './data',
             'test_image_set': 'test'},
 'default': {'frequent': 100, 'kvstore': 'device'},
 'gpus': '0,1',
 'network': {'FIXED_PARAMS': ['conv1',
                              'bn_conv1',
                              'res2',
                              'bn2',
                              'gamma',
                              'beta'],
             'FIXED_PARAMS_SHARED': ['conv1',
                                     'bn_conv1',
                                     'res2',
                                     'bn2',
                                     'res3',
                                     'bn3',
                                     'res4',
                                     'bn4',
                                     'gamma',
                                     'beta'],
             'IMAGE_STRIDE': 0,
             'PIXEL_MEANS': array([ 103.06,  115.9 ,  123.15]),
             'p3_ANCHOR_RATIOS': [0.5, 1, 2],
             'p3_ANCHOR_SCALES': [8],
             'p3_NUM_ANCHORS': 3,
             'p3_RCNN_FEAT_STRIDE': 4,
             'p3_RPN_FEAT_STRIDE': 4,
             'p4_ANCHOR_RATIOS': [0.5, 1, 2],
             'p4_ANCHOR_SCALES': [8],
             'p4_NUM_ANCHORS': 3,
             'p4_RCNN_FEAT_STRIDE': 8,
             'p4_RPN_FEAT_STRIDE': 8,
             'p5_ANCHOR_RATIOS': [0.5, 1, 2],
             'p5_ANCHOR_SCALES': [8],
             'p5_NUM_ANCHORS': 3,
             'p5_RCNN_FEAT_STRIDE': 16,
             'p5_RPN_FEAT_STRIDE': 16,
             'pretrained': './model/pretrained_model/resnet_v1_101',
             'pretrained_epoch': 0},
 'output_path': './output/retinanet/',
 'symbol': 'retina_resnet_101'}

